-------------------------------------------------------------------------------
Test set: tests.GalenTest
-------------------------------------------------------------------------------
Tests run: 8, Failures: 6, Errors: 0, Skipped: 0, Time elapsed: 83.477 sec <<< FAILURE! - in tests.GalenTest
homePageDesktop(tests.GalenTest)  Time elapsed: 5.017 sec  <<< FAILURE!
java.io.FileNotFoundException: /spec/home-desktop
	at com.galenframework.speclang2.reader.pagespec.PageSpecReader.read(PageSpecReader.java:43)
	at com.galenframework.api.Galen.checkLayout(Galen.java:66)
	at com.galenframework.api.Galen.checkLayout(Galen.java:58)
	at com.galenframework.api.Galen.checkLayout(Galen.java:138)
	at com.galenframework.testng.GalenTestNgTestBase.checkLayout(GalenTestNgTestBase.java:121)
	at com.galenframework.testng.GalenTestNgTestBase.checkLayout(GalenTestNgTestBase.java:107)
	at tests.GalenTest.homePageDesktop(GalenTest.java:32)

homePageDesktop(tests.GalenTest)  Time elapsed: 5.001 sec  <<< FAILURE!
java.io.FileNotFoundException: /spec/home-desktop
	at com.galenframework.speclang2.reader.pagespec.PageSpecReader.read(PageSpecReader.java:43)
	at com.galenframework.api.Galen.checkLayout(Galen.java:66)
	at com.galenframework.api.Galen.checkLayout(Galen.java:58)
	at com.galenframework.api.Galen.checkLayout(Galen.java:138)
	at com.galenframework.testng.GalenTestNgTestBase.checkLayout(GalenTestNgTestBase.java:121)
	at com.galenframework.testng.GalenTestNgTestBase.checkLayout(GalenTestNgTestBase.java:107)
	at tests.GalenTest.homePageDesktop(GalenTest.java:32)

homePageDesktop(tests.GalenTest)  Time elapsed: 5 sec  <<< FAILURE!
java.io.FileNotFoundException: /spec/home-desktop
	at com.galenframework.speclang2.reader.pagespec.PageSpecReader.read(PageSpecReader.java:43)
	at com.galenframework.api.Galen.checkLayout(Galen.java:66)
	at com.galenframework.api.Galen.checkLayout(Galen.java:58)
	at com.galenframework.api.Galen.checkLayout(Galen.java:138)
	at com.galenframework.testng.GalenTestNgTestBase.checkLayout(GalenTestNgTestBase.java:121)
	at com.galenframework.testng.GalenTestNgTestBase.checkLayout(GalenTestNgTestBase.java:107)
	at tests.GalenTest.homePageDesktop(GalenTest.java:32)

homePageDesktop(tests.GalenTest)  Time elapsed: 5.001 sec  <<< FAILURE!
java.io.FileNotFoundException: /spec/home-desktop
	at com.galenframework.speclang2.reader.pagespec.PageSpecReader.read(PageSpecReader.java:43)
	at com.galenframework.api.Galen.checkLayout(Galen.java:66)
	at com.galenframework.api.Galen.checkLayout(Galen.java:58)
	at com.galenframework.api.Galen.checkLayout(Galen.java:138)
	at com.galenframework.testng.GalenTestNgTestBase.checkLayout(GalenTestNgTestBase.java:121)
	at com.galenframework.testng.GalenTestNgTestBase.checkLayout(GalenTestNgTestBase.java:107)
	at tests.GalenTest.homePageDesktop(GalenTest.java:32)

homePageMobile(tests.GalenTest)  Time elapsed: 9.665 sec  <<< FAILURE!
java.lang.RuntimeException: Incorrect layout: Check layout /spec/home-page-mobile.spec
	at com.galenframework.testng.GalenTestNgTestBase.checkLayout(GalenTestNgTestBase.java:125)
	at com.galenframework.testng.GalenTestNgTestBase.checkLayout(GalenTestNgTestBase.java:107)
	at tests.GalenTest.homePageMobile(GalenTest.java:25)

homePageMobile(tests.GalenTest)  Time elapsed: 8.384 sec  <<< FAILURE!
java.lang.RuntimeException: Incorrect layout: Check layout /spec/home-page-mobile.spec
	at com.galenframework.testng.GalenTestNgTestBase.checkLayout(GalenTestNgTestBase.java:125)
	at com.galenframework.testng.GalenTestNgTestBase.checkLayout(GalenTestNgTestBase.java:107)
	at tests.GalenTest.homePageMobile(GalenTest.java:25)

